app/manifest-merger-release-report.txt
-- Merging decision tree log ---
manifest
ADDED from AndroidManifest.xml:1:1
	package
		ADDED from AndroidManifest.xml:3:5
		INJECTED from AndroidManifest.xml:0:0
		INJECTED from AndroidManifest.xml:0:0
	android:versionName
		INJECTED from AndroidManifest.xml:0:0
		INJECTED from AndroidManifest.xml:0:0
	xmlns:android
		ADDED from AndroidManifest.xml:2:5
	android:versionCode
		INJECTED from AndroidManifest.xml:0:0
		INJECTED from AndroidManifest.xml:0:0
uses-permission#android.permission.INTERNET
ADDED from AndroidManifest.xml:4:5
MERGED from com.crashlytics.sdk.android:crashlytics:2.2.1:9:5
	android:name
		ADDED from AndroidManifest.xml:4:22
uses-permission#android.permission.ACCESS_NETWORK_STATE
ADDED from AndroidManifest.xml:5:5
	android:name
		ADDED from AndroidManifest.xml:5:22
application
ADDED from AndroidManifest.xml:6:5
MERGED from com.android.support:support-v4:22.0.0:22:5
MERGED from com.android.support:recyclerview-v7:22.0.0:22:5
MERGED from com.android.support:support-v4:22.0.0:22:5
MERGED from com.android.support:cardview-v7:22.0.0:22:5
MERGED from com.android.support:appcompat-v7:22.0.0:22:5
MERGED from com.android.support:support-v4:22.0.0:22:5
MERGED from com.google.android.gms:play-services-base:7.0.0:20:5
MERGED from com.android.support:support-v4:22.0.0:22:5
MERGED from com.google.android.gms:play-services-analytics:7.0.0:19:5
MERGED from com.google.android.gms:play-services-base:7.0.0:20:5
MERGED from com.android.support:support-v4:22.0.0:22:5
MERGED from com.melnykov:floatingactionbutton:1.1.0:12:5
MERGED from com.android.support:recyclerview-v7:22.0.0:22:5
MERGED from com.android.support:support-v4:22.0.0:22:5
MERGED from de.hdodenhof:circleimageview:1.2.1:9:5
MERGED from com.android.support:support-v4:22.0.0:22:5
MERGED from com.facebook.stetho:stetho:1.0.0:11:5
MERGED from com.crashlytics.sdk.android:crashlytics:2.2.1:11:5
MERGED from com.crashlytics.sdk.android:answers:1.1.1:9:5
MERGED from io.fabric.sdk.android:fabric:1.1.1:9:5
MERGED from io.fabric.sdk.android:fabric:1.1.1:9:5
MERGED from com.crashlytics.sdk.android:beta:1.1.1:9:5
MERGED from io.fabric.sdk.android:fabric:1.1.1:9:5
MERGED from com.mopub.sdk.android:mopub:3.3.1:11:5
MERGED from com.android.support:support-v4:22.0.0:22:5
MERGED from io.fabric.sdk.android:fabric:1.1.1:9:5
	android:label
		ADDED from AndroidManifest.xml:10:9
	android:allowBackup
		ADDED from AndroidManifest.xml:7:9
	android:icon
		ADDED from AndroidManifest.xml:9:9
	android:theme
		ADDED from AndroidManifest.xml:11:9
	android:name
		ADDED from AndroidManifest.xml:8:9
meta-data#com.google.android.gms.version
ADDED from AndroidManifest.xml:12:9
MERGED from com.google.android.gms:play-services-base:7.0.0:21:9
MERGED from com.google.android.gms:play-services-base:7.0.0:21:9
	android:value
		ADDED from AndroidManifest.xml:14:13
	android:name
		ADDED from AndroidManifest.xml:13:13
activity#com.kevintcoughlin.ward.activities.SummonersActivity
ADDED from AndroidManifest.xml:15:9
	android:label
		ADDED from AndroidManifest.xml:17:13
	android:launchMode
		ADDED from AndroidManifest.xml:18:13
	android:name
		ADDED from AndroidManifest.xml:16:13
intent-filter#android.intent.action.MAIN+android.intent.category.LAUNCHER
ADDED from AndroidManifest.xml:19:13
action#android.intent.action.MAIN
ADDED from AndroidManifest.xml:20:17
	android:name
		ADDED from AndroidManifest.xml:20:25
category#android.intent.category.LAUNCHER
ADDED from AndroidManifest.xml:21:17
	android:name
		ADDED from AndroidManifest.xml:21:27
meta-data#com.crashlytics.ApiKey
ADDED from AndroidManifest.xml:24:9
	android:value
		ADDED from AndroidManifest.xml:24:58
	android:name
		ADDED from AndroidManifest.xml:24:20
activity#com.mopub.mobileads.MoPubActivity
ADDED from AndroidManifest.xml:25:9
	android:configChanges
		ADDED from AndroidManifest.xml:27:13
	android:name
		ADDED from AndroidManifest.xml:26:13
activity#com.mopub.mobileads.MraidActivity
ADDED from AndroidManifest.xml:28:9
	android:configChanges
		ADDED from AndroidManifest.xml:30:13
	android:name
		ADDED from AndroidManifest.xml:29:13
activity#com.mopub.common.MoPubBrowser
ADDED from AndroidManifest.xml:31:9
	android:configChanges
		ADDED from AndroidManifest.xml:33:13
	android:name
		ADDED from AndroidManifest.xml:32:13
activity#com.mopub.mobileads.MraidVideoPlayerActivity
ADDED from AndroidManifest.xml:34:9
	android:configChanges
		ADDED from AndroidManifest.xml:36:13
	android:name
		ADDED from AndroidManifest.xml:35:13
uses-sdk
INJECTED from AndroidManifest.xml:0:0 reason: use-sdk injection requested
MERGED from com.android.support:support-v4:22.0.0:20:5
MERGED from com.android.support:recyclerview-v7:22.0.0:20:5
MERGED from com.android.support:support-v4:22.0.0:20:5
MERGED from com.android.support:cardview-v7:22.0.0:20:5
MERGED from com.android.support:appcompat-v7:22.0.0:20:5
MERGED from com.android.support:support-v4:22.0.0:20:5
MERGED from com.google.android.gms:play-services-base:7.0.0:18:5
MERGED from com.android.support:support-v4:22.0.0:20:5
MERGED from com.google.android.gms:play-services-analytics:7.0.0:18:5
MERGED from com.google.android.gms:play-services-base:7.0.0:18:5
MERGED from com.android.support:support-v4:22.0.0:20:5
MERGED from com.melnykov:floatingactionbutton:1.1.0:8:5
MERGED from com.android.support:recyclerview-v7:22.0.0:20:5
MERGED from com.android.support:support-v4:22.0.0:20:5
MERGED from de.hdodenhof:circleimageview:1.2.1:5:5
MERGED from com.github.machinarius:preferencefragment:0.1.1:18:5
MERGED from com.android.support:support-v4:22.0.0:20:5
MERGED from com.facebook.stetho:stetho:1.0.0:7:5
MERGED from com.crashlytics.sdk.android:crashlytics:2.2.1:7:5
MERGED from com.crashlytics.sdk.android:answers:1.1.1:7:5
MERGED from io.fabric.sdk.android:fabric:1.1.1:7:5
MERGED from io.fabric.sdk.android:fabric:1.1.1:7:5
MERGED from com.crashlytics.sdk.android:beta:1.1.1:7:5
MERGED from io.fabric.sdk.android:fabric:1.1.1:7:5
MERGED from com.mopub.sdk.android:mopub:3.3.1:7:5
MERGED from com.android.support:support-v4:22.0.0:20:5
MERGED from io.fabric.sdk.android:fabric:1.1.1:7:5
	android:targetSdkVersion
		INJECTED from AndroidManifest.xml:0:0
		INJECTED from AndroidManifest.xml:0:0
	android:minSdkVersion
		INJECTED from AndroidManifest.xml:0:0
		INJECTED from AndroidManifest.xml:0:0
activity#android.support.v7.widget.TestActivity
ADDED from com.android.support:recyclerview-v7:22.0.0:23:9
MERGED from com.android.support:recyclerview-v7:22.0.0:23:9
	android:label
		ADDED from com.android.support:recyclerview-v7:22.0.0:25:13
	android:name
		ADDED from com.android.support:recyclerview-v7:22.0.0:24:13